[2024-05-26 00:00:36] INFO root fetch - main [MainThread]: Get Changelog since Serial: [23378216]
[2024-05-26 00:00:41] INFO root fetch - main [MainThread]: No changed packages found
[2024-05-26 00:02:41] INFO root fetch - main [MainThread]: Get Changelog since Serial: [23378225]
[2024-05-26 00:02:46] INFO root fetch - main [MainThread]: Found 4 changed packages
[2024-05-26 00:02:46] INFO root fetch - processPackages [ThreadPoolExecutor-0_0]: Start processing: proxyalhttp
[2024-05-26 00:02:46] INFO root fetch - processPackages [ThreadPoolExecutor-0_1]: Start processing: biogeoloc
[2024-05-26 00:02:46] INFO root fetch - processPackages [ThreadPoolExecutor-0_2]: Start processing: pipmaster
[2024-05-26 00:02:46] INFO root fetch - processPackages [ThreadPoolExecutor-0_3]: Start processing: readme-ation
[2024-05-26 00:02:46] INFO root fetch - processPackages [biogeoloc]: New version: [0.0.2] Old Version: [0.0.1]
[2024-05-26 00:02:46] INFO root fetch - processPackages [readme-ation]: New version: [0.1.1] Old Version: [0.1.0]
[2024-05-26 00:02:46] INFO root fetch - processPackages [biogeoloc]: Downloading https://files.pythonhosted.org/packages/a9/f5/e42b66b30c476bd7de872ef2204d84439425d6478ff5db38a584c071b420/biogeoloc-0.0.1.tar.gz
[2024-05-26 00:02:46] WARNING root fetch - processPackages [proxyalhttp]: Skipping, unable to determine old version
[2024-05-26 00:02:46] INFO root fetch - main [MainThread]: End processing [proxyalhttp] error
[2024-05-26 00:02:46] INFO root fetch - processPackages [pipmaster]: New version: [0.1.2] Old Version: [0.1.1]
[2024-05-26 00:02:47] INFO root fetch - processPackages [readme-ation]: Downloading https://files.pythonhosted.org/packages/dc/2c/9f8cd2fd1a2998fc254bdda8a8b512aec03f8c602294d142779c45e30710/readme_ation-0.1.0.tar.gz
[2024-05-26 00:02:47] INFO root fetch - processPackages [pipmaster]: Downloading https://files.pythonhosted.org/packages/87/96/c7be21426a4340c4dfbab9ba8329974ef053f9985cc2a1b964768c3cc3ee/pipmaster-0.1.1.tar.gz
[2024-05-26 00:02:47] INFO root fetch - processPackages [biogeoloc]: Downloading https://files.pythonhosted.org/packages/d3/24/417e3c99bcaa515031f7923ea8cb8ff9092297e556488c9f4da62080a024/biogeoloc-0.0.2.tar.gz
[2024-05-26 00:02:47] INFO root fetch - processPackages [biogeoloc]: executing diffoscope
[2024-05-26 00:02:47] INFO root fetch - processPackages [biogeoloc]: podman run --user 0:0 --rm -w /home/abi/fetcher -v /home/abi/fetcher/tmp:/home/abi/fetcher/tmp:ro -v /home/abi/fetcher/20240526:/home/abi/fetcher/20240526:rw registry.salsa.debian.org/reproducible-builds/diffoscope --no-progress tmp/biogeoloc-0.0.1.tar.gz tmp/biogeoloc-0.0.2.tar.gz --markdown 20240526/b/biogeoloc/0.0.1-0.0.2/README.md --exclude *.pyd
[2024-05-26 00:02:47] INFO root fetch - processPackages [readme-ation]: Downloading https://files.pythonhosted.org/packages/6f/95/206531ff3133bc20f70bb64b569ca86d7cb67ac9a13885608dcb08621cbf/readme_ation-0.1.1.tar.gz
[2024-05-26 00:02:47] INFO root fetch - processPackages [pipmaster]: Downloading https://files.pythonhosted.org/packages/3d/a7/f4a757b3cfbafa98ad790396531fc7c0fb3311227a464868cde86b900322/pipmaster-0.1.2.tar.gz
[2024-05-26 00:02:47] INFO root fetch - processPackages [pipmaster]: executing diffoscope
[2024-05-26 00:02:47] INFO root fetch - processPackages [pipmaster]: podman run --user 0:0 --rm -w /home/abi/fetcher -v /home/abi/fetcher/tmp:/home/abi/fetcher/tmp:ro -v /home/abi/fetcher/20240526:/home/abi/fetcher/20240526:rw registry.salsa.debian.org/reproducible-builds/diffoscope --no-progress tmp/pipmaster-0.1.1.tar.gz tmp/pipmaster-0.1.2.tar.gz --markdown 20240526/p/pipmaster/0.1.1-0.1.2/README.md --exclude *.pyd
[2024-05-26 00:02:47] INFO root fetch - processPackages [readme-ation]: executing diffoscope
[2024-05-26 00:02:47] INFO root fetch - processPackages [readme-ation]: podman run --user 0:0 --rm -w /home/abi/fetcher -v /home/abi/fetcher/tmp:/home/abi/fetcher/tmp:ro -v /home/abi/fetcher/20240526:/home/abi/fetcher/20240526:rw registry.salsa.debian.org/reproducible-builds/diffoscope --no-progress tmp/readme_ation-0.1.0.tar.gz tmp/readme_ation-0.1.1.tar.gz --markdown 20240526/r/readme-ation/0.1.0-0.1.1/README.md --exclude *.pyd
[2024-05-26 00:02:47] INFO root fetch - processPackages [biogeoloc]: Remove: archive file [/home/abi/fetcher/tmp/biogeoloc-0.0.1.tar.gz]
[2024-05-26 00:02:47] INFO root fetch - processPackages [biogeoloc]: Remove: archive file [/home/abi/fetcher/tmp/biogeoloc-0.0.2.tar.gz]
[2024-05-26 00:02:47] INFO root fetch - main [MainThread]: End processing [biogeoloc]: success
[2024-05-26 00:02:48] INFO root fetch - processPackages [readme-ation]: Remove: archive file [/home/abi/fetcher/tmp/readme_ation-0.1.0.tar.gz]
[2024-05-26 00:02:48] INFO root fetch - processPackages [readme-ation]: Remove: archive file [/home/abi/fetcher/tmp/readme_ation-0.1.1.tar.gz]
[2024-05-26 00:02:48] INFO root fetch - main [MainThread]: End processing [readme-ation]: success
[2024-05-26 00:02:48] INFO root fetch - processPackages [pipmaster]: Remove: archive file [/home/abi/fetcher/tmp/pipmaster-0.1.1.tar.gz]
[2024-05-26 00:02:48] INFO root fetch - processPackages [pipmaster]: Remove: archive file [/home/abi/fetcher/tmp/pipmaster-0.1.2.tar.gz]
[2024-05-26 00:02:48] INFO root fetch - main [MainThread]: End processing [pipmaster]: success
[2024-05-26 00:02:48] INFO root fetch - main [MainThread]: Store serial: [23378238]
